<?xml version="1.0" encoding="UTF-8"?>
<testng-results ignored="0" total="1" passed="1" failed="0" skipped="0">
  <reporter-output>
    <line>
      <![CDATA[chinsssd]]>
    </line>
  </reporter-output>
  <suite started-at="2021-07-20T12:47:10Z" name="Default suite" finished-at="2021-07-20T12:47:10Z" duration-ms="39">
    <groups>
    </groups>
    <test started-at="2021-07-20T12:47:10Z" name="Default test" finished-at="2021-07-20T12:47:10Z" duration-ms="39">
      <class name="batchexcution.url">
        <test-method signature="m1()[pri:0, instance:batchexcution.url@327af41b]" started-at="2021-07-20T12:47:10Z" name="m1" finished-at="2021-07-20T12:47:10Z" duration-ms="13" status="PASS">
          <reporter-output>
            <line>
              <![CDATA[chinsssd]]>
            </line>
          </reporter-output>
        </test-method> <!-- m1 -->
      </class> <!-- batchexcution.url -->
    </test> <!-- Default test -->
  </suite> <!-- Default suite -->
</testng-results>
